#
# There is insufficient memory for the Java Runtime Environment to continue.
# Native memory allocation (malloc) failed to allocate 1197344 bytes for Chunk::new
# Possible reasons:
#   The system is out of physical RAM or swap space
#   The process is running with CompressedOops enabled, and the Java Heap may be blocking the growth of the native heap
# Possible solutions:
#   Reduce memory load on the system
#   Increase physical memory or swap space
#   Check if swap backing store is full
#   Decrease Java heap size (-Xmx/-Xms)
#   Decrease number of Java threads
#   Decrease Java thread stack sizes (-Xss)
#   Set larger code cache with -XX:ReservedCodeCacheSize=
#   JVM is running with Unscaled Compressed Oops mode in which the Java heap is
#     placed in the first 4GB address space. The Java Heap base address is the
#     maximum limit for the native heap growth. Please use -XX:HeapBaseMinAddress
#     to set the Java Heap base and to place the Java Heap above 4GB virtual address.
# This output file may be truncated or incomplete.
#
#  Out of Memory Error (arena.cpp:189), pid=22936, tid=23212
#
# JRE version: OpenJDK Runtime Environment (17.0.7) (build 17.0.7+0-b2043.56-10550314)
# Java VM: OpenJDK 64-Bit Server VM (17.0.7+0-b2043.56-10550314, mixed mode, tiered, compressed oops, compressed class ptrs, g1 gc, windows-amd64)
# No core dump will be written. Minidumps are not enabled by default on client versions of Windows
#

---------------  S U M M A R Y ------------

Command Line: --add-opens=java.base/java.util=ALL-UNNAMED --add-opens=java.base/java.lang=ALL-UNNAMED --add-opens=java.base/java.lang.invoke=ALL-UNNAMED --add-opens=java.prefs/java.util.prefs=ALL-UNNAMED --add-opens=java.base/java.nio.charset=ALL-UNNAMED --add-opens=java.base/java.net=ALL-UNNAMED --add-opens=java.base/java.util.concurrent.atomic=ALL-UNNAMED -Xmx2048m -Dfile.encoding=UTF-8 -Duser.country=KR -Duser.language=ko -Duser.variant -javaagent:C:\Users\yugyeong\.gradle\wrapper\dists\gradle-8.2-bin\bbg7u40eoinfdyxsxr3z4i7ta\gradle-8.2\lib\agents\gradle-instrumentation-agent-8.2.jar org.gradle.launcher.daemon.bootstrap.GradleDaemon 8.2

Host: 12th Gen Intel(R) Core(TM) i5-1240P, 16 cores, 15G,  Windows 11 , 64 bit Build 22621 (10.0.22621.3235)
Time: Thu Apr  4 20:44:22 2024  Windows 11 , 64 bit Build 22621 (10.0.22621.3235) elapsed time: 3.092094 seconds (0d 0h 0m 3s)

---------------  T H R E A D  ---------------

Current thread (0x000001a5138ae460):  JavaThread "C2 CompilerThread1" daemon [_thread_in_native, id=23212, stack(0x0000002d0ea00000,0x0000002d0eb00000)]


Current CompileTask:
C2:   3092 3046       4       java.lang.invoke.MethodType::makeImpl (109 bytes)

Stack: [0x0000002d0ea00000,0x0000002d0eb00000]
Native frames: (J=compiled Java code, j=interpreted, Vv=VM code, C=native code)
V  [jvm.dll+0x683bfa]
V  [jvm.dll+0x8430a4]
V  [jvm.dll+0x8449be]
V  [jvm.dll+0x845023]
V  [jvm.dll+0x24ad2f]
V  [jvm.dll+0xac25c]
V  [jvm.dll+0xac82c]
V  [jvm.dll+0x36a187]
V  [jvm.dll+0x1be138]
V  [jvm.dll+0x21d3a9]
V  [jvm.dll+0x21c671]
V  [jvm.dll+0x1a605d]
V  [jvm.dll+0x22c148]
V  [jvm.dll+0x22a209]
V  [jvm.dll+0x7f858c]
V  [jvm.dll+0x7f2aea]
V  [jvm.dll+0x682a35]
C  [ucrtbase.dll+0x29363]
C  [KERNEL32.DLL+0x1257d]
C  [ntdll.dll+0x5aa58]


---------------  P R O C E S S  ---------------

Threads class SMR info:
_java_thread_list=0x000001a51aa968b0, length=39, elements={
0x000001a578a11ff0, 0x000001a5135a27a0, 0x000001a5135a3610, 0x000001a5135f2160,
0x000001a5135f2c20, 0x000001a51361d300, 0x000001a51361fcc0, 0x000001a5136209a0,
0x000001a513621440, 0x000001a513624c70, 0x000001a5137874a0, 0x000001a5137bf2b0,
0x000001a5137bf7c0, 0x000001a51392d2e0, 0x000001a5138ae460, 0x000001a518c9e160,
0x000001a51a698590, 0x000001a51a5c6e20, 0x000001a51a3f47d0, 0x000001a519049bd0,
0x000001a51a481300, 0x000001a513941ce0, 0x000001a51393f660, 0x000001a51393fb30,
0x000001a513940000, 0x000001a5139409a0, 0x000001a5139421b0, 0x000001a513940e70,
0x000001a51393f190, 0x000001a51ac46a20, 0x000001a513941810, 0x000001a513941340,
0x000001a513942680, 0x000001a51393ecc0, 0x000001a51af48a10, 0x000001a51af48ee0,
0x000001a51af493b0, 0x000001a51af459f0, 0x000001a51af46d30
}

Java Threads: ( => current thread )
  0x000001a578a11ff0 JavaThread "main" [_thread_blocked, id=24132, stack(0x0000002d0d500000,0x0000002d0d600000)]
  0x000001a5135a27a0 JavaThread "Reference Handler" daemon [_thread_blocked, id=16816, stack(0x0000002d0dc00000,0x0000002d0dd00000)]
  0x000001a5135a3610 JavaThread "Finalizer" daemon [_thread_blocked, id=1516, stack(0x0000002d0dd00000,0x0000002d0de00000)]
  0x000001a5135f2160 JavaThread "Signal Dispatcher" daemon [_thread_blocked, id=19860, stack(0x0000002d0de00000,0x0000002d0df00000)]
  0x000001a5135f2c20 JavaThread "Attach Listener" daemon [_thread_blocked, id=24408, stack(0x0000002d0df00000,0x0000002d0e000000)]
  0x000001a51361d300 JavaThread "Service Thread" daemon [_thread_blocked, id=18700, stack(0x0000002d0e000000,0x0000002d0e100000)]
  0x000001a51361fcc0 JavaThread "Monitor Deflation Thread" daemon [_thread_blocked, id=11704, stack(0x0000002d0e100000,0x0000002d0e200000)]
  0x000001a5136209a0 JavaThread "C2 CompilerThread0" daemon [_thread_blocked, id=12420, stack(0x0000002d0e200000,0x0000002d0e300000)]
  0x000001a513621440 JavaThread "C1 CompilerThread0" daemon [_thread_blocked, id=7836, stack(0x0000002d0e300000,0x0000002d0e400000)]
  0x000001a513624c70 JavaThread "Sweeper thread" daemon [_thread_in_vm, id=11356, stack(0x0000002d0e400000,0x0000002d0e500000)]
  0x000001a5137874a0 JavaThread "Common-Cleaner" daemon [_thread_blocked, id=22240, stack(0x0000002d0e500000,0x0000002d0e600000)]
  0x000001a5137bf2b0 JavaThread "C1 CompilerThread1" daemon [_thread_blocked, id=13468, stack(0x0000002d0e600000,0x0000002d0e700000)]
  0x000001a5137bf7c0 JavaThread "C1 CompilerThread2" daemon [_thread_blocked, id=10124, stack(0x0000002d0e700000,0x0000002d0e800000)]
  0x000001a51392d2e0 JavaThread "Notification Thread" daemon [_thread_blocked, id=19856, stack(0x0000002d0e800000,0x0000002d0e900000)]
=>0x000001a5138ae460 JavaThread "C2 CompilerThread1" daemon [_thread_in_native, id=23212, stack(0x0000002d0ea00000,0x0000002d0eb00000)]
  0x000001a518c9e160 JavaThread "C1 CompilerThread3" daemon [_thread_blocked, id=17380, stack(0x0000002d0ec00000,0x0000002d0ed00000)]
  0x000001a51a698590 JavaThread "Daemon health stats" [_thread_blocked, id=17272, stack(0x0000002d0f200000,0x0000002d0f300000)]
  0x000001a51a5c6e20 JavaThread "Incoming local TCP Connector on port 58944" [_thread_in_native, id=15584, stack(0x0000002d0f300000,0x0000002d0f400000)]
  0x000001a51a3f47d0 JavaThread "Daemon periodic checks" [_thread_blocked, id=20784, stack(0x0000002d0f400000,0x0000002d0f500000)]
  0x000001a519049bd0 JavaThread "Daemon" [_thread_blocked, id=18328, stack(0x0000002d0f500000,0x0000002d0f600000)]
  0x000001a51a481300 JavaThread "Handler for socket connection from /127.0.0.1:58944 to /127.0.0.1:58945" [_thread_in_native, id=14280, stack(0x0000002d0f600000,0x0000002d0f700000)]
  0x000001a513941ce0 JavaThread "Cancel handler" [_thread_blocked, id=22116, stack(0x0000002d0f700000,0x0000002d0f800000)]
  0x000001a51393f660 JavaThread "Daemon worker" [_thread_blocked, id=15200, stack(0x0000002d0f800000,0x0000002d0f900000)]
  0x000001a51393fb30 JavaThread "Asynchronous log dispatcher for DefaultDaemonConnection: socket connection from /127.0.0.1:58944 to /127.0.0.1:58945" [_thread_blocked, id=11188, stack(0x0000002d0f900000,0x0000002d0fa00000)]
  0x000001a513940000 JavaThread "Stdin handler" [_thread_blocked, id=17528, stack(0x0000002d0fa00000,0x0000002d0fb00000)]
  0x000001a5139409a0 JavaThread "Daemon client event forwarder" [_thread_blocked, id=4816, stack(0x0000002d0fb00000,0x0000002d0fc00000)]
  0x000001a5139421b0 JavaThread "Cache worker for journal cache (C:\Users\yugyeong\.gradle\caches\journal-1)" [_thread_blocked, id=22680, stack(0x0000002d10400000,0x0000002d10500000)]
  0x000001a513940e70 JavaThread "File lock request listener" [_thread_in_native, id=15036, stack(0x0000002d10500000,0x0000002d10600000)]
  0x000001a51393f190 JavaThread "Cache worker for file hash cache (C:\Users\yugyeong\.gradle\caches\8.2\fileHashes)" [_thread_blocked, id=22136, stack(0x0000002d10600000,0x0000002d10700000)]
  0x000001a51ac46a20 JavaThread "C2 CompilerThread2" daemon [_thread_in_native, id=23408, stack(0x0000002d10700000,0x0000002d10800000)]
  0x000001a513941810 JavaThread "File watcher server" daemon [_thread_in_native, id=15848, stack(0x0000002d10800000,0x0000002d10900000)]
  0x000001a513941340 JavaThread "File watcher consumer" daemon [_thread_blocked, id=13020, stack(0x0000002d10900000,0x0000002d10a00000)]
  0x000001a513942680 JavaThread "Cache worker for checksums cache (C:\Users\yugyeong\AndroidStudioProjects\AIopensourceprofessionalproject\.gradle\8.2\checksums)" [_thread_blocked, id=816, stack(0x0000002d10a00000,0x0000002d10b00000)]
  0x000001a51393ecc0 JavaThread "Cache worker for cache directory md-rule (C:\Users\yugyeong\.gradle\caches\8.2\md-rule)" [_thread_blocked, id=11648, stack(0x0000002d10b00000,0x0000002d10c00000)]
  0x000001a51af48a10 JavaThread "Cache worker for file content cache (C:\Users\yugyeong\.gradle\caches\8.2\fileContent)" [_thread_blocked, id=19124, stack(0x0000002d10c00000,0x0000002d10d00000)]
  0x000001a51af48ee0 JavaThread "Cache worker for file hash cache (C:\Users\yugyeong\AndroidStudioProjects\AIopensourceprofessionalproject\.gradle\8.2\fileHashes)" [_thread_blocked, id=16396, stack(0x0000002d10d00000,0x0000002d10e00000)]
  0x000001a51af493b0 JavaThread "Cache worker for cache directory md-supplier (C:\Users\yugyeong\.gradle\caches\8.2\md-supplier)" [_thread_blocked, id=16032, stack(0x0000002d10e00000,0x0000002d10f00000)]
  0x000001a51af459f0 JavaThread "Cache worker for execution history cache (C:\Users\yugyeong\.gradle\caches\8.2\executionHistory)" [_thread_blocked, id=13488, stack(0x0000002d10f00000,0x0000002d11000000)]
  0x000001a51af46d30 JavaThread "jar transforms" [_thread_in_vm, id=22000, stack(0x0000002d11000000,0x0000002d11100000)]

Other Threads:
  0x000001a51341eb60 VMThread "VM Thread" [stack: 0x0000002d0db00000,0x0000002d0dc00000] [id=17312]
  0x000001a5135c44f0 WatcherThread [stack: 0x0000002d0e900000,0x0000002d0ea00000] [id=11028]
  0x000001a578a6e050 GCTaskThread "GC Thread#0" [stack: 0x0000002d0d600000,0x0000002d0d700000] [id=19340]
  0x000001a5187be0c0 GCTaskThread "GC Thread#1" [stack: 0x0000002d0ed00000,0x0000002d0ee00000] [id=3196]
  0x000001a5187be370 GCTaskThread "GC Thread#2" [stack: 0x0000002d0ee00000,0x0000002d0ef00000] [id=15300]
  0x000001a5187c2860 GCTaskThread "GC Thread#3" [stack: 0x0000002d0ef00000,0x0000002d0f000000] [id=2152]
  0x000001a5187c2b10 GCTaskThread "GC Thread#4" [stack: 0x0000002d0f000000,0x0000002d0f100000] [id=3848]
  0x000001a5187c2dc0 GCTaskThread "GC Thread#5" [stack: 0x0000002d0f100000,0x0000002d0f200000] [id=23764]
  0x000001a51a6c5530 GCTaskThread "GC Thread#6" [stack: 0x0000002d0eb00000,0x0000002d0ec00000] [id=2120]
  0x000001a51955cf80 GCTaskThread "GC Thread#7" [stack: 0x0000002d0fc00000,0x0000002d0fd00000] [id=21020]
  0x000001a51a4c6140 GCTaskThread "GC Thread#8" [stack: 0x0000002d0fd00000,0x0000002d0fe00000] [id=11108]
  0x000001a51a3b1420 GCTaskThread "GC Thread#9" [stack: 0x0000002d0fe00000,0x0000002d0ff00000] [id=1120]
  0x000001a5182022a0 GCTaskThread "GC Thread#10" [stack: 0x0000002d0ff00000,0x0000002d10000000] [id=16852]
  0x000001a51a4800a0 GCTaskThread "GC Thread#11" [stack: 0x0000002d10000000,0x0000002d10100000] [id=19392]
  0x000001a51a480350 GCTaskThread "GC Thread#12" [stack: 0x0000002d10100000,0x0000002d10200000] [id=10780]
  0x000001a578a7ef90 ConcurrentGCThread "G1 Main Marker" [stack: 0x0000002d0d700000,0x0000002d0d800000] [id=11220]
  0x000001a578a7f9a0 ConcurrentGCThread "G1 Conc#0" [stack: 0x0000002d0d800000,0x0000002d0d900000] [id=3368]
  0x000001a51a47f080 ConcurrentGCThread "G1 Conc#1" [stack: 0x0000002d10200000,0x0000002d10300000] [id=20276]
  0x000001a51a480600 ConcurrentGCThread "G1 Conc#2" [stack: 0x0000002d10300000,0x0000002d10400000] [id=19668]
  0x000001a5132c65f0 ConcurrentGCThread "G1 Refine#0" [stack: 0x0000002d0d900000,0x0000002d0da00000] [id=12016]
  0x000001a5132c6f20 ConcurrentGCThread "G1 Service" [stack: 0x0000002d0da00000,0x0000002d0db00000] [id=14816]

Threads with active compile tasks:
C2 CompilerThread1     3120 3046       4       java.lang.invoke.MethodType::makeImpl (109 bytes)

VM state: not at safepoint (normal execution)

VM Mutex/Monitor currently owned by a thread: None

Heap address: 0x0000000080000000, size: 2048 MB, Compressed Oops mode: 32-bit

CDS archive(s) not mapped
Compressed class space mapped at: 0x0000000100000000-0x0000000140000000, reserved size: 1073741824
Narrow klass base: 0x0000000000000000, Narrow klass shift: 3, Narrow klass range: 0x140000000

GC Precious Log:
 CPUs: 16 total, 16 available
 Memory: 16100M
 Large Page Support: Disabled
 NUMA Support: Disabled
 Compressed Oops: Enabled (32-bit)
 Heap Region Size: 1M
 Heap Min Capacity: 8M
 Heap Initial Capacity: 252M
 Heap Max Capacity: 2G
 Pre-touch: Disabled
 Parallel Workers: 13
 Concurrent Workers: 3
 Concurrent Refinement Workers: 13
 Periodic GC: Disabled

Heap:
 garbage-first heap   total 71680K, used 47588K [0x0000000080000000, 0x0000000100000000)
  region size 1024K, 29 young (29696K), 2 survivors (2048K)
 Metaspace       used 34470K, committed 34816K, reserved 1114112K
  class space    used 4721K, committed 4864K, reserved 1048576K

Heap Regions: E=young(eden), S=young(survivor), O=old, HS=humongous(starts), HC=humongous(continues), CS=collection set, F=free, OA=open archive, CA=closed archive, TAMS=top-at-mark-start (previous, next)
|   0|0x0000000080000000, 0x0000000080100000, 0x0000000080100000|100%|HS|  |TAMS 0x0000000080100000, 0x0000000080000000| Complete 
|   1|0x0000000080100000, 0x0000000080200000, 0x0000000080200000|100%|HC|  |TAMS 0x0000000080200000, 0x0000000080100000| Complete 
|   2|0x0000000080200000, 0x0000000080300000, 0x0000000080300000|100%|HC|  |TAMS 0x0000000080300000, 0x0000000080200000| Complete 
|   3|0x0000000080300000, 0x0000000080400000, 0x0000000080400000|100%|HC|  |TAMS 0x0000000080400000, 0x0000000080300000| Complete 
|   4|0x0000000080400000, 0x0000000080500000, 0x0000000080500000|100%| O|  |TAMS 0x0000000080500000, 0x0000000080400000| Untracked 
|   5|0x0000000080500000, 0x0000000080600000, 0x0000000080600000|100%| O|  |TAMS 0x0000000080600000, 0x0000000080500000| Untracked 
|   6|0x0000000080600000, 0x0000000080700000, 0x0000000080700000|100%| O|  |TAMS 0x0000000080700000, 0x0000000080600000| Untracked 
|   7|0x0000000080700000, 0x0000000080800000, 0x0000000080800000|100%| O|  |TAMS 0x0000000080800000, 0x0000000080700000| Untracked 
|   8|0x0000000080800000, 0x0000000080900000, 0x0000000080900000|100%| O|  |TAMS 0x0000000080900000, 0x0000000080800000| Untracked 
|   9|0x0000000080900000, 0x0000000080a00000, 0x0000000080a00000|100%| O|  |TAMS 0x0000000080a00000, 0x0000000080900000| Untracked 
|  10|0x0000000080a00000, 0x0000000080a00000, 0x0000000080b00000|  0%| F|  |TAMS 0x0000000080a00000, 0x0000000080a00000| Untracked 
|  11|0x0000000080b00000, 0x0000000080c00000, 0x0000000080c00000|100%| O|  |TAMS 0x0000000080b00000, 0x0000000080b00000| Untracked 
|  12|0x0000000080c00000, 0x0000000080d00000, 0x0000000080d00000|100%| O|  |TAMS 0x0000000080c00000, 0x0000000080c00000| Untracked 
|  13|0x0000000080d00000, 0x0000000080e00000, 0x0000000080e00000|100%| O|  |TAMS 0x0000000080d00000, 0x0000000080d00000| Untracked 
|  14|0x0000000080e00000, 0x0000000080f00000, 0x0000000080f00000|100%| O|  |TAMS 0x0000000080e00000, 0x0000000080e00000| Untracked 
|  15|0x0000000080f00000, 0x0000000081000000, 0x0000000081000000|100%| O|  |TAMS 0x0000000080f00000, 0x0000000080f00000| Untracked 
|  16|0x0000000081000000, 0x0000000081100000, 0x0000000081100000|100%| O|  |TAMS 0x0000000081000000, 0x0000000081000000| Untracked 
|  17|0x0000000081100000, 0x0000000081200000, 0x0000000081200000|100%| O|  |TAMS 0x0000000081100000, 0x0000000081100000| Untracked 
|  18|0x0000000081200000, 0x0000000081300000, 0x0000000081300000|100%| O|  |TAMS 0x0000000081200000, 0x0000000081200000| Untracked 
|  19|0x0000000081300000, 0x0000000081400000, 0x0000000081400000|100%| O|  |TAMS 0x0000000081300000, 0x0000000081300000| Untracked 
|  20|0x0000000081400000, 0x00000000814dfe00, 0x0000000081500000| 87%| O|  |TAMS 0x0000000081400000, 0x0000000081400000| Untracked 
|  21|0x0000000081500000, 0x0000000081500000, 0x0000000081600000|  0%| F|  |TAMS 0x0000000081500000, 0x0000000081500000| Untracked 
|  22|0x0000000081600000, 0x0000000081600000, 0x0000000081700000|  0%| F|  |TAMS 0x0000000081600000, 0x0000000081600000| Untracked 
|  23|0x0000000081700000, 0x0000000081700000, 0x0000000081800000|  0%| F|  |TAMS 0x0000000081700000, 0x0000000081700000| Untracked 
|  24|0x0000000081800000, 0x0000000081800000, 0x0000000081900000|  0%| F|  |TAMS 0x0000000081800000, 0x0000000081800000| Untracked 
|  25|0x0000000081900000, 0x0000000081900000, 0x0000000081a00000|  0%| F|  |TAMS 0x0000000081900000, 0x0000000081900000| Untracked 
|  26|0x0000000081a00000, 0x0000000081a00000, 0x0000000081b00000|  0%| F|  |TAMS 0x0000000081a00000, 0x0000000081a00000| Untracked 
|  27|0x0000000081b00000, 0x0000000081b00000, 0x0000000081c00000|  0%| F|  |TAMS 0x0000000081b00000, 0x0000000081b00000| Untracked 
|  28|0x0000000081c00000, 0x0000000081c00000, 0x0000000081d00000|  0%| F|  |TAMS 0x0000000081c00000, 0x0000000081c00000| Untracked 
|  29|0x0000000081d00000, 0x0000000081d00000, 0x0000000081e00000|  0%| F|  |TAMS 0x0000000081d00000, 0x0000000081d00000| Untracked 
|  30|0x0000000081e00000, 0x0000000081e00000, 0x0000000081f00000|  0%| F|  |TAMS 0x0000000081e00000, 0x0000000081e00000| Untracked 
|  31|0x0000000081f00000, 0x0000000081f00000, 0x0000000082000000|  0%| F|  |TAMS 0x0000000081f00000, 0x0000000081f00000| Untracked 
|  32|0x0000000082000000, 0x0000000082000000, 0x0000000082100000|  0%| F|  |TAMS 0x0000000082000000, 0x0000000082000000| Untracked 
|  33|0x0000000082100000, 0x0000000082100000, 0x0000000082200000|  0%| F|  |TAMS 0x0000000082100000, 0x0000000082100000| Untracked 
|  34|0x0000000082200000, 0x0000000082200000, 0x0000000082300000|  0%| F|  |TAMS 0x0000000082200000, 0x0000000082200000| Untracked 
|  35|0x0000000082300000, 0x0000000082300000, 0x0000000082400000|  0%| F|  |TAMS 0x0000000082300000, 0x0000000082300000| Untracked 
|  36|0x0000000082400000, 0x0000000082400000, 0x0000000082500000|  0%| F|  |TAMS 0x0000000082400000, 0x0000000082400000| Untracked 
|  37|0x0000000082500000, 0x0000000082599428, 0x0000000082600000| 59%| S|CS|TAMS 0x0000000082500000, 0x0000000082500000| Complete 
|  38|0x0000000082600000, 0x0000000082700000, 0x0000000082700000|100%| S|CS|TAMS 0x0000000082600000, 0x0000000082600000| Complete 
|  39|0x0000000082700000, 0x0000000082700000, 0x0000000082800000|  0%| F|  |TAMS 0x0000000082700000, 0x0000000082700000| Untracked 
|  40|0x0000000082800000, 0x0000000082800000, 0x0000000082900000|  0%| F|  |TAMS 0x0000000082800000, 0x0000000082800000| Untracked 
|  41|0x0000000082900000, 0x0000000082900000, 0x0000000082a00000|  0%| F|  |TAMS 0x0000000082900000, 0x0000000082900000| Untracked 
|  42|0x0000000082a00000, 0x0000000082a00000, 0x0000000082b00000|  0%| F|  |TAMS 0x0000000082a00000, 0x0000000082a00000| Untracked 
|  43|0x0000000082b00000, 0x0000000082bd9350, 0x0000000082c00000| 84%| E|  |TAMS 0x0000000082b00000, 0x0000000082b00000| Complete 
|  44|0x0000000082c00000, 0x0000000082d00000, 0x0000000082d00000|100%| E|CS|TAMS 0x0000000082c00000, 0x0000000082c00000| Complete 
|  45|0x0000000082d00000, 0x0000000082e00000, 0x0000000082e00000|100%| E|CS|TAMS 0x0000000082d00000, 0x0000000082d00000| Complete 
|  46|0x0000000082e00000, 0x0000000082f00000, 0x0000000082f00000|100%| E|CS|TAMS 0x0000000082e00000, 0x0000000082e00000| Complete 
|  47|0x0000000082f00000, 0x0000000083000000, 0x0000000083000000|100%| E|CS|TAMS 0x0000000082f00000, 0x0000000082f00000| Complete 
|  48|0x0000000083000000, 0x0000000083100000, 0x0000000083100000|100%| E|CS|TAMS 0x0000000083000000, 0x0000000083000000| Complete 
|  49|0x0000000083100000, 0x0000000083200000, 0x0000000083200000|100%| E|CS|TAMS 0x0000000083100000, 0x0000000083100000| Complete 
|  50|0x0000000083200000, 0x0000000083300000, 0x0000000083300000|100%| E|  |TAMS 0x0000000083200000, 0x0000000083200000| Complete 
|  51|0x0000000083300000, 0x0000000083400000, 0x0000000083400000|100%| E|CS|TAMS 0x0000000083300000, 0x0000000083300000| Complete 
|  52|0x0000000083400000, 0x0000000083500000, 0x0000000083500000|100%| E|CS|TAMS 0x0000000083400000, 0x0000000083400000| Complete 
|  53|0x0000000083500000, 0x0000000083600000, 0x0000000083600000|100%| E|CS|TAMS 0x0000000083500000, 0x0000000083500000| Complete 
|  54|0x0000000083600000, 0x0000000083700000, 0x0000000083700000|100%| E|CS|TAMS 0x0000000083600000, 0x0000000083600000| Complete 
|  55|0x0000000083700000, 0x0000000083800000, 0x0000000083800000|100%| E|CS|TAMS 0x0000000083700000, 0x0000000083700000| Complete 
|  56|0x0000000083800000, 0x0000000083900000, 0x0000000083900000|100%| E|CS|TAMS 0x0000000083800000, 0x0000000083800000| Complete 
|  57|0x0000000083900000, 0x0000000083a00000, 0x0000000083a00000|100%| E|CS|TAMS 0x0000000083900000, 0x0000000083900000| Complete 
|  58|0x0000000083a00000, 0x0000000083b00000, 0x0000000083b00000|100%| E|CS|TAMS 0x0000000083a00000, 0x0000000083a00000| Complete 
|  59|0x0000000083b00000, 0x0000000083c00000, 0x0000000083c00000|100%| E|CS|TAMS 0x0000000083b00000, 0x0000000083b00000| Complete 
| 193|0x000000008c100000, 0x000000008c200000, 0x000000008c200000|100%| E|CS|TAMS 0x000000008c100000, 0x000000008c100000| Complete 
| 194|0x000000008c200000, 0x000000008c300000, 0x000000008c300000|100%| E|CS|TAMS 0x000000008c200000, 0x000000008c200000| Complete 
| 195|0x000000008c300000, 0x000000008c400000, 0x000000008c400000|100%| E|CS|TAMS 0x000000008c300000, 0x000000008c300000| Complete 
| 196|0x000000008c400000, 0x000000008c500000, 0x000000008c500000|100%| E|CS|TAMS 0x000000008c400000, 0x000000008c400000| Complete 
| 197|0x000000008c500000, 0x000000008c600000, 0x000000008c600000|100%| E|CS|TAMS 0x000000008c500000, 0x000000008c500000| Complete 
| 198|0x000000008c600000, 0x000000008c700000, 0x000000008c700000|100%| E|CS|TAMS 0x000000008c600000, 0x000000008c600000| Complete 
| 199|0x000000008c700000, 0x000000008c800000, 0x000000008c800000|100%| E|CS|TAMS 0x000000008c700000, 0x000000008c700000| Complete 
| 200|0x000000008c800000, 0x000000008c900000, 0x000000008c900000|100%| E|CS|TAMS 0x000000008c800000, 0x000000008c800000| Complete 
| 201|0x000000008c900000, 0x000000008ca00000, 0x000000008ca00000|100%| E|CS|TAMS 0x000000008c900000, 0x000000008c900000| Complete 
| 251|0x000000008fb00000, 0x000000008fc00000, 0x000000008fc00000|100%| E|CS|TAMS 0x000000008fb00000, 0x000000008fb00000| Complete 

Card table byte_map: [0x000001a57cb60000,0x000001a57cf60000] _byte_map_base: 0x000001a57c760000

Marking Bits (Prev, Next): (CMBitMap*) 0x000001a578a6e6a0, (CMBitMap*) 0x000001a578a6e660
 Prev Bits: [0x000001a50f000000, 0x000001a511000000)
 Next Bits: [0x000001a57d360000, 0x000001a57f360000)

Polling page: 0x000001a576980000

Metaspace:

Usage:
  Non-class:     29.09 MB used.
      Class:      4.61 MB used.
       Both:     33.71 MB used.

Virtual space:
  Non-class space:       64.00 MB reserved,      29.25 MB ( 46%) committed,  1 nodes.
      Class space:        1.00 GB reserved,       4.75 MB ( <1%) committed,  1 nodes.
             Both:        1.06 GB reserved,      34.00 MB (  3%) committed. 

Chunk freelists:
   Non-Class:  2.75 MB
       Class:  11.11 MB
        Both:  13.86 MB

MaxMetaspaceSize: unlimited
CompressedClassSpaceSize: 1.00 GB
Initial GC threshold: 21.00 MB
Current GC threshold: 35.12 MB
CDS: off
MetaspaceReclaimPolicy: balanced
 - commit_granule_bytes: 65536.
 - commit_granule_words: 8192.
 - virtual_space_node_default_size: 8388608.
 - enlarge_chunks_in_place: 1.
 - new_chunks_are_fully_committed: 0.
 - uncommit_free_chunks: 1.
 - use_allocation_guard: 0.
 - handle_deallocations: 1.


Internal statistics:

num_allocs_failed_limit: 3.
num_arena_births: 274.
num_arena_deaths: 0.
num_vsnodes_births: 2.
num_vsnodes_deaths: 0.
num_space_committed: 544.
num_space_uncommitted: 0.
num_chunks_returned_to_freelist: 3.
num_chunks_taken_from_freelist: 1224.
num_chunk_merges: 3.
num_chunk_splits: 818.
num_chunks_enlarged: 586.
num_inconsistent_stats: 0.

CodeHeap 'non-profiled nmethods': size=119168Kb used=1668Kb max_used=1668Kb free=117499Kb
 bounds [0x000001a507ba0000, 0x000001a507e10000, 0x000001a50f000000]
CodeHeap 'profiled nmethods': size=119104Kb used=6811Kb max_used=6811Kb free=112292Kb
 bounds [0x000001a500000000, 0x000001a5006b0000, 0x000001a507450000]
CodeHeap 'non-nmethods': size=7488Kb used=2932Kb max_used=2981Kb free=4556Kb
 bounds [0x000001a507450000, 0x000001a507750000, 0x000001a507ba0000]
 total_blobs=3719 nmethods=3166 adapters=462
 compilation: enabled
              stopped_count=0, restarted_count=0
 full_count=0

Compilation events (20 events):
Event: 3.086 Thread 0x000001a5137bf7c0 3126       3       java.lang.invoke.MethodHandleImpl::makePairwiseConvert (8 bytes)
Event: 3.086 Thread 0x000001a5137bf2b0 3129       3       java.lang.invoke.MethodHandleImpl::computeValueConversions (121 bytes)
Event: 3.086 Thread 0x000001a5137bf7c0 nmethod 3126 0x000001a500683210 code [0x000001a5006833a0, 0x000001a5006834c8]
Event: 3.086 Thread 0x000001a5137bf7c0 3128       3       java.lang.invoke.MethodHandleImpl::makePairwiseConvertByEditor (627 bytes)
Event: 3.086 Thread 0x000001a5137bf2b0 nmethod 3129 0x000001a500683590 code [0x000001a5006837a0, 0x000001a500683f98]
Event: 3.086 Thread 0x000001a5137bf2b0 3130       3       java.lang.invoke.MethodHandleImpl::countNonNull (42 bytes)
Event: 3.086 Thread 0x000001a518c9e160 nmethod 3124 0x000001a500684310 code [0x000001a5006845e0, 0x000001a500685158]
Event: 3.086 Thread 0x000001a513621440 nmethod 3125 0x000001a500685610 code [0x000001a500685860, 0x000001a5006861e8]
Event: 3.086 Thread 0x000001a5137bf2b0 nmethod 3130 0x000001a500686490 code [0x000001a500686640, 0x000001a500686898]
Event: 3.086 Thread 0x000001a518c9e160 3131       3       java.lang.invoke.BootstrapMethodInvoker::widenAndCast (47 bytes)
Event: 3.086 Thread 0x000001a513621440 3127       3       java.lang.invoke.MethodHandleImpl::makePairwiseConvert (22 bytes)
Event: 3.086 Thread 0x000001a513621440 nmethod 3127 0x000001a500686990 code [0x000001a500686b40, 0x000001a500686d68]
Event: 3.087 Thread 0x000001a518c9e160 nmethod 3131 0x000001a500686e90 code [0x000001a500687100, 0x000001a500687a78]
Event: 3.087 Thread 0x000001a518c9e160 3132       3       java.lang.invoke.MethodHandles$Lookup::findConstructor (61 bytes)
Event: 3.087 Thread 0x000001a5137bf2b0 3133       3       java.lang.invoke.MethodHandles$Lookup::getDirectConstructor (10 bytes)
Event: 3.087 Thread 0x000001a513621440 3135       3       java.lang.invoke.DirectMethodHandle$Constructor::viewAsType (49 bytes)
Event: 3.087 Thread 0x000001a5137bf2b0 nmethod 3133 0x000001a500687d90 code [0x000001a500687f20, 0x000001a500688068]
Event: 3.087 Thread 0x000001a513621440 nmethod 3135 0x000001a500688110 code [0x000001a5006882c0, 0x000001a500688488]
Event: 3.088 Thread 0x000001a518c9e160 nmethod 3132 0x000001a500688590 code [0x000001a500688800, 0x000001a500689018]
Event: 3.090 Thread 0x000001a5137bf7c0 nmethod 3128 0x000001a500689390 code [0x000001a500689bc0, 0x000001a50068ee98]

GC Heap History (12 events):
Event: 0.514 GC heap before
{Heap before GC invocations=0 (full 0):
 garbage-first heap   total 258048K, used 26624K [0x0000000080000000, 0x0000000100000000)
  region size 1024K, 23 young (23552K), 0 survivors (0K)
 Metaspace       used 10306K, committed 10432K, reserved 1114112K
  class space    used 1060K, committed 1088K, reserved 1048576K
}
Event: 0.517 GC heap after
{Heap after GC invocations=1 (full 0):
 garbage-first heap   total 258048K, used 10656K [0x0000000080000000, 0x0000000100000000)
  region size 1024K, 3 young (3072K), 3 survivors (3072K)
 Metaspace       used 10306K, committed 10432K, reserved 1114112K
  class space    used 1060K, committed 1088K, reserved 1048576K
}
Event: 0.794 GC heap before
{Heap before GC invocations=1 (full 0):
 garbage-first heap   total 258048K, used 38304K [0x0000000080000000, 0x0000000100000000)
  region size 1024K, 30 young (30720K), 3 survivors (3072K)
 Metaspace       used 11507K, committed 11648K, reserved 1114112K
  class space    used 1196K, committed 1280K, reserved 1048576K
}
Event: 0.797 GC heap after
{Heap after GC invocations=2 (full 0):
 garbage-first heap   total 258048K, used 11281K [0x0000000080000000, 0x0000000100000000)
  region size 1024K, 1 young (1024K), 1 survivors (1024K)
 Metaspace       used 11507K, committed 11648K, reserved 1114112K
  class space    used 1196K, committed 1280K, reserved 1048576K
}
Event: 1.877 GC heap before
{Heap before GC invocations=2 (full 0):
 garbage-first heap   total 258048K, used 60433K [0x0000000080000000, 0x0000000100000000)
  region size 1024K, 50 young (51200K), 1 survivors (1024K)
 Metaspace       used 21355K, committed 21504K, reserved 1114112K
  class space    used 2559K, committed 2624K, reserved 1048576K
}
Event: 1.881 GC heap after
{Heap after GC invocations=3 (full 0):
 garbage-first heap   total 258048K, used 18620K [0x0000000080000000, 0x0000000100000000)
  region size 1024K, 9 young (9216K), 9 survivors (9216K)
 Metaspace       used 21355K, committed 21504K, reserved 1114112K
  class space    used 2559K, committed 2624K, reserved 1048576K
}
Event: 2.316 GC heap before
{Heap before GC invocations=4 (full 0):
 garbage-first heap   total 71680K, used 51388K [0x0000000080000000, 0x0000000100000000)
  region size 1024K, 42 young (43008K), 9 survivors (9216K)
 Metaspace       used 26139K, committed 26432K, reserved 1114112K
  class space    used 3404K, committed 3520K, reserved 1048576K
}
Event: 2.322 GC heap after
{Heap after GC invocations=5 (full 0):
 garbage-first heap   total 71680K, used 20371K [0x0000000080000000, 0x0000000100000000)
  region size 1024K, 3 young (3072K), 3 survivors (3072K)
 Metaspace       used 26139K, committed 26432K, reserved 1114112K
  class space    used 3404K, committed 3520K, reserved 1048576K
}
Event: 2.340 GC heap before
{Heap before GC invocations=5 (full 0):
 garbage-first heap   total 71680K, used 21395K [0x0000000080000000, 0x0000000100000000)
  region size 1024K, 4 young (4096K), 3 survivors (3072K)
 Metaspace       used 26327K, committed 26624K, reserved 1114112K
  class space    used 3423K, committed 3584K, reserved 1048576K
}
Event: 2.342 GC heap after
{Heap after GC invocations=6 (full 0):
 garbage-first heap   total 71680K, used 20812K [0x0000000080000000, 0x0000000100000000)
  region size 1024K, 1 young (1024K), 1 survivors (1024K)
 Metaspace       used 26327K, committed 26624K, reserved 1114112K
  class space    used 3423K, committed 3584K, reserved 1048576K
}
Event: 2.757 GC heap before
{Heap before GC invocations=6 (full 0):
 garbage-first heap   total 71680K, used 51532K [0x0000000080000000, 0x0000000100000000)
  region size 1024K, 31 young (31744K), 1 survivors (1024K)
 Metaspace       used 30468K, committed 30784K, reserved 1114112K
  class space    used 4107K, committed 4224K, reserved 1048576K
}
Event: 2.759 GC heap after
{Heap after GC invocations=7 (full 0):
 garbage-first heap   total 71680K, used 21988K [0x0000000080000000, 0x0000000100000000)
  region size 1024K, 2 young (2048K), 2 survivors (2048K)
 Metaspace       used 30468K, committed 30784K, reserved 1114112K
  class space    used 4107K, committed 4224K, reserved 1048576K
}

Dll operation events (3 events):
Event: 0.007 Loaded shared library C:\Program Files\Android\Android Studio\jbr\bin\java.dll
Event: 0.115 Loaded shared library C:\Program Files\Android\Android Studio\jbr\bin\zip.dll
Event: 0.321 Loaded shared library C:\Program Files\Android\Android Studio\jbr\bin\verify.dll

Deoptimization events (20 events):
Event: 2.266 Thread 0x000001a51393f660 DEOPT PACKING pc=0x000001a5003ffc92 sp=0x0000002d0f8fb4e0
Event: 2.266 Thread 0x000001a51393f660 DEOPT UNPACKING pc=0x000001a5074a7143 sp=0x0000002d0f8fa9f0 mode 0
Event: 2.329 Thread 0x000001a51393f660 Uncommon trap: trap_request=0xffffff45 fr.pc=0x000001a507ca39e4 relative=0x00000000000003a4
Event: 2.329 Thread 0x000001a51393f660 Uncommon trap: reason=unstable_if action=reinterpret pc=0x000001a507ca39e4 method=java.util.HashMap.getNode(Ljava/lang/Object;)Ljava/util/HashMap$Node; @ 131 c2
Event: 2.329 Thread 0x000001a51393f660 DEOPT PACKING pc=0x000001a507ca39e4 sp=0x0000002d0f8fab80
Event: 2.329 Thread 0x000001a51393f660 DEOPT UNPACKING pc=0x000001a5074a69a3 sp=0x0000002d0f8faaa0 mode 2
Event: 2.580 Thread 0x000001a51393f660 Uncommon trap: trap_request=0xffffff76 fr.pc=0x000001a507cefdf4 relative=0x0000000000000154
Event: 2.580 Thread 0x000001a51393f660 Uncommon trap: reason=predicate action=maybe_recompile pc=0x000001a507cefdf4 method=com.google.common.base.CharMatcher.indexIn(Ljava/lang/CharSequence;I)I @ 19 c2
Event: 2.580 Thread 0x000001a51393f660 DEOPT PACKING pc=0x000001a507cefdf4 sp=0x0000002d0f8fa000
Event: 2.580 Thread 0x000001a51393f660 DEOPT UNPACKING pc=0x000001a5074a69a3 sp=0x0000002d0f8f9f90 mode 2
Event: 2.641 Thread 0x000001a51393f660 Uncommon trap: trap_request=0xffffff45 fr.pc=0x000001a507c446d4 relative=0x00000000000005b4
Event: 2.641 Thread 0x000001a51393f660 Uncommon trap: reason=unstable_if action=reinterpret pc=0x000001a507c446d4 method=java.util.Properties$LineReader.readLine()I @ 95 c2
Event: 2.641 Thread 0x000001a51393f660 DEOPT PACKING pc=0x000001a507c446d4 sp=0x0000002d0f8fb110
Event: 2.641 Thread 0x000001a51393f660 DEOPT UNPACKING pc=0x000001a5074a69a3 sp=0x0000002d0f8fb0c0 mode 2
Event: 2.694 Thread 0x000001a51393f660 DEOPT PACKING pc=0x000001a5004962d4 sp=0x0000002d0f8f2120
Event: 2.694 Thread 0x000001a51393f660 DEOPT UNPACKING pc=0x000001a5074a7143 sp=0x0000002d0f8f1678 mode 0
Event: 2.793 Thread 0x000001a51393f660 Uncommon trap: trap_request=0xffffff45 fr.pc=0x000001a507bfdd78 relative=0x00000000000005b8
Event: 2.793 Thread 0x000001a51393f660 Uncommon trap: reason=unstable_if action=reinterpret pc=0x000001a507bfdd78 method=java.util.HashMap.hash(Ljava/lang/Object;)I @ 1 c2
Event: 2.793 Thread 0x000001a51393f660 DEOPT PACKING pc=0x000001a507bfdd78 sp=0x0000002d0f8f7b60
Event: 2.793 Thread 0x000001a51393f660 DEOPT UNPACKING pc=0x000001a5074a69a3 sp=0x0000002d0f8f7a08 mode 2

Classes unloaded (0 events):
No events

Classes redefined (0 events):
No events

Internal exceptions (20 events):
Event: 2.338 Thread 0x000001a51393f660 Exception <a 'java/lang/NoSuchMethodError'{0x000000008fbe3678}: 'java.lang.Object java.lang.invoke.Invokers$Holder.linkToTargetMethod(java.lang.Object, java.lang.Object, java.lang.Object, java.lang.Object, java.lang.Object, java.lang.Object, java.lang.Object)'> (0x000000008fbe3678) 
thrown [s\src\hotspot\share\interpreter\linkResolver.cpp, line 771]
Event: 2.602 Thread 0x000001a51393f660 Exception <a 'java/lang/NoSuchMethodError'{0x0000000083496e00}: 'void java.lang.invoke.DirectMethodHandle$Holder.invokeStatic(java.lang.Object, java.lang.Object, java.lang.Object, java.lang.Object)'> (0x0000000083496e00) 
thrown [s\src\hotspot\share\interpreter\linkResolver.cpp, line 771]
Event: 2.603 Thread 0x000001a51393f660 Exception <a 'java/lang/NoSuchMethodError'{0x00000000834ab528}: 'int java.lang.invoke.DirectMethodHandle$Holder.invokeVirtual(java.lang.Object, java.lang.Object)'> (0x00000000834ab528) 
thrown [s\src\hotspot\share\interpreter\linkResolver.cpp, line 771]
Event: 2.604 Thread 0x000001a51393f660 Exception <a 'java/lang/NoSuchMethodError'{0x00000000834bde18}: 'java.lang.Object java.lang.invoke.DirectMethodHandle$Holder.invokeStaticInit(java.lang.Object, java.lang.Object, java.lang.Object)'> (0x00000000834bde18) 
thrown [s\src\hotspot\share\interpreter\linkResolver.cpp, line 771]
Event: 2.606 Thread 0x000001a51393f660 Exception <a 'java/lang/NoSuchMethodError'{0x00000000834d3708}: 'int java.lang.invoke.DirectMethodHandle$Holder.invokeVirtual(java.lang.Object, java.lang.Object, java.lang.Object)'> (0x00000000834d3708) 
thrown [s\src\hotspot\share\interpreter\linkResolver.cpp, line 771]
Event: 2.736 Thread 0x000001a51393f660 Exception <a 'java/lang/NoSuchMethodError'{0x00000000829b84f0}: 'java.lang.Object java.lang.invoke.DirectMethodHandle$Holder.invokeSpecialIFC(java.lang.Object, java.lang.Object, java.lang.Object, java.lang.Object)'> (0x00000000829b84f0) 
thrown [s\src\hotspot\share\interpreter\linkResolver.cpp, line 771]
Event: 2.793 Thread 0x000001a51393f660 Implicit null exception at 0x000001a507bfd80c to 0x000001a507bfdd58
Event: 2.819 Thread 0x000001a51393f660 Exception <a 'java/lang/NoSuchMethodError'{0x000000008c5c8660}: 'java.lang.Object java.lang.invoke.DirectMethodHandle$Holder.invokeSpecial(java.lang.Object, java.lang.Object, java.lang.Object, java.lang.Object, java.lang.Object, java.lang.Object, java.lang.Object, java.lang.Object, java.lang.Object, java.lang.Object, java.lang.Object, java.lang.Object, java.lang.Object)'> (0x000000008c5c8660) 
thrown [s\src\hotspot\share\interpreter\linkResolver.cpp, line 771]
Event: 2.820 Thread 0x000001a51393f660 Exception <a 'java/lang/NoSuchMethodError'{0x000000008c5d9d20}: 'java.lang.Object java.lang.invoke.DirectMethodHandle$Holder.newInvokeSpecial(java.lang.Object, java.lang.Object, java.lang.Object, java.lang.Object, java.lang.Object, java.lang.Object, java.lang.Object, java.lang.Object, java.lang.Object, java.lang.Object, java.lang.Object)'> (0x000000008c5d9d20) 
thrown [s\src\hotspot\share\interpreter\linkResolver.cpp, line 771]
Event: 2.820 Thread 0x000001a51393f660 Exception <a 'java/lang/NoSuchMethodError'{0x000000008c5df858}: 'java.lang.Object java.lang.invoke.DirectMethodHandle$Holder.invokeSpecial(java.lang.Object, java.lang.Object, java.lang.Object, java.lang.Object, java.lang.Object, java.lang.Object, java.lang.Object, java.lang.Object, java.lang.Object, java.lang.Object, java.lang.Object, java.lang.Object)'> (0x000000008c5df858) 
thrown [s\src\hotspot\share\interpreter\linkResolver.cpp, line 771]
Event: 2.820 Thread 0x000001a51393f660 Exception <a 'java/lang/NoSuchMethodError'{0x000000008c5e4ef0}: 'java.lang.Object java.lang.invoke.Invokers$Holder.linkToTargetMethod(java.lang.Object, java.lang.Object, java.lang.Object, java.lang.Object, java.lang.Object, java.lang.Object, java.lang.Object, java.lang.Object, java.lang.Object, java.lang.Object, java.lang.Object)'> (0x000000008c5e4ef0) 
thrown [s\src\hotspot\share\interpreter\linkResolver.cpp, line 771]
Event: 2.823 Thread 0x000001a51393f660 Exception <a 'java/lang/NoSuchMethodError'{0x000000008c431b28}: 'java.lang.Object java.lang.invoke.DirectMethodHandle$Holder.invokeSpecial(java.lang.Object, java.lang.Object, java.lang.Object, java.lang.Object, java.lang.Object, java.lang.Object, java.lang.Object, java.lang.Object, java.lang.Object, java.lang.Object, java.lang.Object, java.lang.Object, java.lang.Object, java.lang.Object)'> (0x000000008c431b28) 
thrown [s\src\hotspot\share\interpreter\linkResolver.cpp, line 771]
Event: 2.823 Thread 0x000001a51393f660 Exception <a 'java/lang/NoSuchMethodError'{0x000000008c443ed8}: 'java.lang.Object java.lang.invoke.DirectMethodHandle$Holder.newInvokeSpecial(java.lang.Object, java.lang.Object, java.lang.Object, java.lang.Object, java.lang.Object, java.lang.Object, java.lang.Object, java.lang.Object, java.lang.Object, java.lang.Object, java.lang.Object, java.lang.Object)'> (0x000000008c443ed8) 
thrown [s\src\hotspot\share\interpreter\linkResolver.cpp, line 771]
Event: 2.823 Thread 0x000001a51393f660 Exception <a 'java/lang/NoSuchMethodError'{0x000000008c449870}: 'java.lang.Object java.lang.invoke.Invokers$Holder.linkToTargetMethod(java.lang.Object, java.lang.Object, java.lang.Object, java.lang.Object, java.lang.Object, java.lang.Object, java.lang.Object, java.lang.Object, java.lang.Object, java.lang.Object, java.lang.Object, java.lang.Object)'> (0x000000008c449870) 
thrown [s\src\hotspot\share\interpreter\linkResolver.cpp, line 771]
Event: 2.825 Thread 0x000001a51393f660 Exception <a 'java/lang/NoSuchMethodError'{0x000000008c482e70}: 'java.lang.Object java.lang.invoke.DirectMethodHandle$Holder.newInvokeSpecial(java.lang.Object, java.lang.Object, java.lang.Object, java.lang.Object, java.lang.Object, java.lang.Object, java.lang.Object, java.lang.Object, java.lang.Object, java.lang.Object)'> (0x000000008c482e70) 
thrown [s\src\hotspot\share\interpreter\linkResolver.cpp, line 771]
Event: 2.825 Thread 0x000001a51393f660 Exception <a 'java/lang/NoSuchMethodError'{0x000000008c487d58}: 'java.lang.Object java.lang.invoke.Invokers$Holder.linkToTargetMethod(java.lang.Object, java.lang.Object, java.lang.Object, java.lang.Object, java.lang.Object, java.lang.Object, java.lang.Object, java.lang.Object, java.lang.Object, java.lang.Object)'> (0x000000008c487d58) 
thrown [s\src\hotspot\share\interpreter\linkResolver.cpp, line 771]
Event: 2.830 Thread 0x000001a51393f660 Exception <a 'java/lang/NoSuchMethodError'{0x000000008c4dbf88}: 'java.lang.Object java.lang.invoke.DirectMethodHandle$Holder.invokeStaticInit(java.lang.Object, java.lang.Object, java.lang.Object, java.lang.Object)'> (0x000000008c4dbf88) 
thrown [s\src\hotspot\share\interpreter\linkResolver.cpp, line 771]
Event: 2.954 Thread 0x000001a51393f660 Exception <a 'java/lang/NoSuchMethodError'{0x000000008342c780}: 'java.lang.Object java.lang.invoke.DirectMethodHandle$Holder.newInvokeSpecial(java.lang.Object, java.lang.Object, java.lang.Object, java.lang.Object, java.lang.Object, java.lang.Object, java.lang.Object, java.lang.Object)'> (0x000000008342c780) 
thrown [s\src\hotspot\share\interpreter\linkResolver.cpp, line 771]
Event: 2.954 Thread 0x000001a51393f660 Exception <a 'java/lang/NoSuchMethodError'{0x00000000834324a8}: 'java.lang.Object java.lang.invoke.Invokers$Holder.linkToTargetMethod(java.lang.Object, java.lang.Object, java.lang.Object, java.lang.Object, java.lang.Object, java.lang.Object, java.lang.Object, java.lang.Object)'> (0x00000000834324a8) 
thrown [s\src\hotspot\share\interpreter\linkResolver.cpp, line 771]
Event: 2.963 Thread 0x000001a51393f660 Exception <a 'java/lang/IncompatibleClassChangeError'{0x00000000834a0178}: Found class java.lang.Object, but interface was expected> (0x00000000834a0178) 
thrown [s\src\hotspot\share\interpreter\linkResolver.cpp, line 838]

VM Operations (20 events):
Event: 1.886 Executing VM operation: G1Concurrent
Event: 1.886 Executing VM operation: G1Concurrent done
Event: 2.054 Executing VM operation: HandshakeAllThreads
Event: 2.054 Executing VM operation: HandshakeAllThreads done
Event: 2.055 Executing VM operation: HandshakeAllThreads
Event: 2.055 Executing VM operation: HandshakeAllThreads done
Event: 2.316 Executing VM operation: G1CollectForAllocation
Event: 2.323 Executing VM operation: G1CollectForAllocation done
Event: 2.340 Executing VM operation: G1CollectForAllocation
Event: 2.342 Executing VM operation: G1CollectForAllocation done
Event: 2.643 Executing VM operation: HandshakeAllThreads
Event: 2.643 Executing VM operation: HandshakeAllThreads done
Event: 2.643 Executing VM operation: HandshakeAllThreads
Event: 2.643 Executing VM operation: HandshakeAllThreads done
Event: 2.757 Executing VM operation: G1CollectForAllocation
Event: 2.759 Executing VM operation: G1CollectForAllocation done
Event: 2.796 Executing VM operation: HandshakeAllThreads
Event: 2.796 Executing VM operation: HandshakeAllThreads done
Event: 2.945 Executing VM operation: HandshakeAllThreads
Event: 2.945 Executing VM operation: HandshakeAllThreads done

Events (20 events):
Event: 2.797 loading class sun/reflect/generics/tree/ArrayTypeSignature done
Event: 2.800 loading class java/lang/SafeVarargs
Event: 2.800 loading class java/lang/SafeVarargs done
Event: 2.805 loading class java/util/regex/Pattern$GroupCurly
Event: 2.805 loading class java/util/regex/Pattern$GroupCurly done
Event: 2.827 Thread 0x000001a51af48ee0 Thread added: 0x000001a51af48ee0
Event: 2.840 Thread 0x000001a51af493b0 Thread added: 0x000001a51af493b0
Event: 2.920 Thread 0x000001a51af459f0 Thread added: 0x000001a51af459f0
Event: 3.046 loading class java/util/regex/Pattern$Pos
Event: 3.046 loading class java/util/regex/Pattern$Pos done
Event: 3.049 loading class java/io/StringReader
Event: 3.049 loading class java/io/StringReader done
Event: 3.059 loading class java/lang/StrictMath
Event: 3.060 loading class java/lang/StrictMath done
Event: 3.060 loading class java/math/MutableBigInteger
Event: 3.061 loading class java/math/MutableBigInteger done
Event: 3.077 loading class java/lang/Process
Event: 3.078 loading class java/lang/Process done
Event: 3.078 loading class java/lang/ProcessBuilder
Event: 3.078 loading class java/lang/ProcessBuilder done


Dynamic libraries:
0x00007ff6854b0000 - 0x00007ff6854ba000 	C:\Program Files\Android\Android Studio\jbr\bin\java.exe
0x00007ff9274f0000 - 0x00007ff927706000 	C:\WINDOWS\SYSTEM32\ntdll.dll
0x00007ff925da0000 - 0x00007ff925e64000 	C:\WINDOWS\System32\KERNEL32.DLL
0x00007ff924860000 - 0x00007ff924c06000 	C:\WINDOWS\System32\KERNELBASE.dll
0x00007ff924e50000 - 0x00007ff924f61000 	C:\WINDOWS\System32\ucrtbase.dll
0x00007ff908be0000 - 0x00007ff908bf7000 	C:\Program Files\Android\Android Studio\jbr\bin\jli.dll
0x00007ff925bf0000 - 0x00007ff925d9d000 	C:\WINDOWS\System32\USER32.dll
0x00007ff924d80000 - 0x00007ff924da6000 	C:\WINDOWS\System32\win32u.dll
0x00007ff925f40000 - 0x00007ff925f69000 	C:\WINDOWS\System32\GDI32.dll
0x00007ff8fe420000 - 0x00007ff8fe43b000 	C:\Program Files\Android\Android Studio\jbr\bin\VCRUNTIME140.dll
0x00007ff924fe0000 - 0x00007ff9250f8000 	C:\WINDOWS\System32\gdi32full.dll
0x00007ff8fc9b0000 - 0x00007ff8fcc43000 	C:\WINDOWS\WinSxS\amd64_microsoft.windows.common-controls_6595b64144ccf1df_6.0.22621.3235_none_270f74e173860f98\COMCTL32.dll
0x00007ff924db0000 - 0x00007ff924e4a000 	C:\WINDOWS\System32\msvcp_win.dll
0x00007ff9272b0000 - 0x00007ff927357000 	C:\WINDOWS\System32\msvcrt.dll
0x00007ff925860000 - 0x00007ff925891000 	C:\WINDOWS\System32\IMM32.DLL
0x00007ff90b6f0000 - 0x00007ff90b6fc000 	C:\Program Files\Android\Android Studio\jbr\bin\vcruntime140_1.dll
0x00007ff8d0c00000 - 0x00007ff8d0c8d000 	C:\Program Files\Android\Android Studio\jbr\bin\msvcp140.dll
0x00007ff88c650000 - 0x00007ff88d2d0000 	C:\Program Files\Android\Android Studio\jbr\bin\server\jvm.dll
0x00007ff926860000 - 0x00007ff926912000 	C:\WINDOWS\System32\ADVAPI32.dll
0x00007ff926920000 - 0x00007ff9269c8000 	C:\WINDOWS\System32\sechost.dll
0x00007ff924830000 - 0x00007ff924858000 	C:\WINDOWS\System32\bcrypt.dll
0x00007ff925a60000 - 0x00007ff925b75000 	C:\WINDOWS\System32\RPCRT4.dll
0x00007ff91c690000 - 0x00007ff91c6c4000 	C:\WINDOWS\SYSTEM32\WINMM.dll
0x00007ff90aa50000 - 0x00007ff90aa5a000 	C:\WINDOWS\SYSTEM32\VERSION.dll
0x00007ff91a940000 - 0x00007ff91a949000 	C:\WINDOWS\SYSTEM32\WSOCK32.dll
0x00007ff9256d0000 - 0x00007ff925741000 	C:\WINDOWS\System32\WS2_32.dll
0x00007ff923870000 - 0x00007ff923888000 	C:\WINDOWS\SYSTEM32\kernel.appcore.dll
0x00007ff90f1c0000 - 0x00007ff90f1ca000 	C:\Program Files\Android\Android Studio\jbr\bin\jimage.dll
0x00007ff922240000 - 0x00007ff922473000 	C:\WINDOWS\SYSTEM32\DBGHELP.DLL
0x00007ff925340000 - 0x00007ff9256c8000 	C:\WINDOWS\System32\combase.dll
0x00007ff9273c0000 - 0x00007ff927497000 	C:\WINDOWS\System32\OLEAUT32.dll
0x00007ff908d40000 - 0x00007ff908d72000 	C:\WINDOWS\SYSTEM32\dbgcore.DLL
0x00007ff925100000 - 0x00007ff92517a000 	C:\WINDOWS\System32\bcryptPrimitives.dll
0x00007ff90d820000 - 0x00007ff90d82e000 	C:\Program Files\Android\Android Studio\jbr\bin\instrument.dll
0x00007ff90cfd0000 - 0x00007ff90cff5000 	C:\Program Files\Android\Android Studio\jbr\bin\java.dll
0x00007ff90f150000 - 0x00007ff90f168000 	C:\Program Files\Android\Android Studio\jbr\bin\zip.dll
0x00007ff926000000 - 0x00007ff92685d000 	C:\WINDOWS\System32\SHELL32.dll
0x00007ff922790000 - 0x00007ff923088000 	C:\WINDOWS\SYSTEM32\windows.storage.dll
0x00007ff922650000 - 0x00007ff92278e000 	C:\WINDOWS\SYSTEM32\wintypes.dll
0x00007ff9269d0000 - 0x00007ff926ac3000 	C:\WINDOWS\System32\SHCORE.dll
0x00007ff925b80000 - 0x00007ff925bde000 	C:\WINDOWS\System32\shlwapi.dll
0x00007ff924760000 - 0x00007ff924786000 	C:\WINDOWS\SYSTEM32\profapi.dll
0x00007ff90d140000 - 0x00007ff90d159000 	C:\Program Files\Android\Android Studio\jbr\bin\net.dll
0x00007ff91e480000 - 0x00007ff91e5b7000 	C:\WINDOWS\SYSTEM32\WINHTTP.dll
0x00007ff923cf0000 - 0x00007ff923d59000 	C:\WINDOWS\system32\mswsock.dll
0x00007ff90b6d0000 - 0x00007ff90b6e6000 	C:\Program Files\Android\Android Studio\jbr\bin\nio.dll
0x00007ff90f1b0000 - 0x00007ff90f1c0000 	C:\Program Files\Android\Android Studio\jbr\bin\verify.dll
0x00007ff9042b0000 - 0x00007ff9042d7000 	C:\Users\yugyeong\.gradle\native\68d5fa5c4cc2d200863cafc0d521ce42e7d3e7ee720ec0a83991735586a16f82\windows-amd64\native-platform.dll
0x00007ff8929a0000 - 0x00007ff892ae4000 	C:\Users\yugyeong\.gradle\native\e376f236ea51e6404a007f0833ffe2c6e607c4080706a723a18a27aeea778392\windows-amd64\native-platform-file-events.dll
0x00007ff90e480000 - 0x00007ff90e489000 	C:\Program Files\Android\Android Studio\jbr\bin\management.dll
0x00007ff90dd20000 - 0x00007ff90dd2b000 	C:\Program Files\Android\Android Studio\jbr\bin\management_ext.dll
0x00007ff925be0000 - 0x00007ff925be8000 	C:\WINDOWS\System32\PSAPI.DLL
0x00007ff923f40000 - 0x00007ff923f5b000 	C:\WINDOWS\SYSTEM32\CRYPTSP.dll
0x00007ff9237d0000 - 0x00007ff923805000 	C:\WINDOWS\system32\rsaenh.dll
0x00007ff923de0000 - 0x00007ff923e0c000 	C:\WINDOWS\SYSTEM32\USERENV.dll
0x00007ff923f60000 - 0x00007ff923f6c000 	C:\WINDOWS\SYSTEM32\CRYPTBASE.dll
0x00007ff9232f0000 - 0x00007ff92331d000 	C:\WINDOWS\SYSTEM32\IPHLPAPI.DLL
0x00007ff925ef0000 - 0x00007ff925ef9000 	C:\WINDOWS\System32\NSI.dll
0x00007ff91e410000 - 0x00007ff91e429000 	C:\WINDOWS\SYSTEM32\dhcpcsvc6.DLL
0x00007ff91e1e0000 - 0x00007ff91e1ff000 	C:\WINDOWS\SYSTEM32\dhcpcsvc.DLL
0x00007ff923320000 - 0x00007ff923419000 	C:\WINDOWS\SYSTEM32\DNSAPI.dll
0x00007ff8ee040000 - 0x00007ff8ee048000 	C:\WINDOWS\system32\wshunix.dll

dbghelp: loaded successfully - version: 4.0.5 - missing functions: none
symbol engine: initialized successfully - sym options: 0x614 - pdb path: .;C:\Program Files\Android\Android Studio\jbr\bin;C:\WINDOWS\SYSTEM32;C:\WINDOWS\WinSxS\amd64_microsoft.windows.common-controls_6595b64144ccf1df_6.0.22621.3235_none_270f74e173860f98;C:\Program Files\Android\Android Studio\jbr\bin\server;C:\Users\yugyeong\.gradle\native\68d5fa5c4cc2d200863cafc0d521ce42e7d3e7ee720ec0a83991735586a16f82\windows-amd64;C:\Users\yugyeong\.gradle\native\e376f236ea51e6404a007f0833ffe2c6e607c4080706a723a18a27aeea778392\windows-amd64

VM Arguments:
jvm_args: --add-opens=java.base/java.util=ALL-UNNAMED --add-opens=java.base/java.lang=ALL-UNNAMED --add-opens=java.base/java.lang.invoke=ALL-UNNAMED --add-opens=java.prefs/java.util.prefs=ALL-UNNAMED --add-opens=java.base/java.nio.charset=ALL-UNNAMED --add-opens=java.base/java.net=ALL-UNNAMED --add-opens=java.base/java.util.concurrent.atomic=ALL-UNNAMED -Xmx2048m -Dfile.encoding=UTF-8 -Duser.country=KR -Duser.language=ko -Duser.variant -javaagent:C:\Users\yugyeong\.gradle\wrapper\dists\gradle-8.2-bin\bbg7u40eoinfdyxsxr3z4i7ta\gradle-8.2\lib\agents\gradle-instrumentation-agent-8.2.jar 
java_command: org.gradle.launcher.daemon.bootstrap.GradleDaemon 8.2
java_class_path (initial): C:\Users\yugyeong\.gradle\wrapper\dists\gradle-8.2-bin\bbg7u40eoinfdyxsxr3z4i7ta\gradle-8.2\lib\gradle-launcher-8.2.jar
Launcher Type: SUN_STANDARD

[Global flags]
     intx CICompilerCount                          = 12                                        {product} {ergonomic}
     uint ConcGCThreads                            = 3                                         {product} {ergonomic}
     uint G1ConcRefinementThreads                  = 13                                        {product} {ergonomic}
   size_t G1HeapRegionSize                         = 1048576                                   {product} {ergonomic}
    uintx GCDrainStackTargetSize                   = 64                                        {product} {ergonomic}
   size_t InitialHeapSize                          = 264241152                                 {product} {ergonomic}
   size_t MarkStackSize                            = 4194304                                   {product} {ergonomic}
   size_t MaxHeapSize                              = 2147483648                                {product} {command line}
   size_t MaxNewSize                               = 1287651328                                {product} {ergonomic}
   size_t MinHeapDeltaBytes                        = 1048576                                   {product} {ergonomic}
   size_t MinHeapSize                              = 8388608                                   {product} {ergonomic}
    uintx NonNMethodCodeHeapSize                   = 7602480                                {pd product} {ergonomic}
    uintx NonProfiledCodeHeapSize                  = 122027880                              {pd product} {ergonomic}
    uintx ProfiledCodeHeapSize                     = 122027880                              {pd product} {ergonomic}
    uintx ReservedCodeCacheSize                    = 251658240                              {pd product} {ergonomic}
     bool SegmentedCodeCache                       = true                                      {product} {ergonomic}
   size_t SoftMaxHeapSize                          = 2147483648                             {manageable} {ergonomic}
     bool UseCompressedClassPointers               = true                           {product lp64_product} {ergonomic}
     bool UseCompressedOops                        = true                           {product lp64_product} {ergonomic}
     bool UseG1GC                                  = true                                      {product} {ergonomic}
     bool UseLargePagesIndividualAllocation        = false                                  {pd product} {ergonomic}

Logging:
Log output configuration:
 #0: stdout all=warning uptime,level,tags
 #1: stderr all=off uptime,level,tags

Environment Variables:
JAVA_HOME=C:\Program Files\Java\jdk-17
PATH=C:\Program Files (x86)\VMware\VMware Player\bin\;C:\Program Files\Common Files\Oracle\Java\javapath;C:\WINDOWS\system32;C:\WINDOWS;C:\WINDOWS\System32\Wbem;C:\WINDOWS\System32\WindowsPowerShell\v1.0\;C:\WINDOWS\System32\OpenSSH\;C:\Program Files (x86)\Windows Kits\10\Windows Performance Toolkit\;C:\Program Files\mingw64\bin;C:\MinGW\bin;C:\Program Files\Git\cmd;C:\Program Files\Java\jdk-17\bin\;C:\Program Files\Bandizip\;C:\Program Files\MySQL\MySQL Server 8.0\bin;C:\Program Files\Docker\Docker\resources\bin;C:\Users\yugyeong\AppData\Roaming\nvm;C:\Program Files\nodejs;C:\Users\yugyeong\.console-ninja\.bin;C:\Program Files\MySQL\MySQL Shell 8.0\bin\;C:\Users\yugyeong\AppData\Local\Programs\Python\Python311\Scripts\;C:\Users\yugyeong\AppData\Local\Programs\Python\Python311\;C:\Users\yugyeong\AppData\Local\Microsoft\WindowsApps;C:\Users\yugyeong\AppData\Local\Programs\Microsoft VS Code\bin;C:\Program Files\JetBrains\PyCharm Community Edition 2023.2.1\bin;C:\Program Files\JetBrains\IntelliJ IDEA 2023.2.2\bin;C:\Users\yugyeong\AppData\Local\atom\bin;C:\Users\yugyeong\AppData\Local\Microsoft\WindowsApps;C:\Users\yugyeong\AppData\Roaming\npm;C:\Users\yugyeong\AppData\Roaming\nvm;C:\Program Files\nodejs
USERNAME=yugyeong
OS=Windows_NT
PROCESSOR_IDENTIFIER=Intel64 Family 6 Model 154 Stepping 3, GenuineIntel
TMP=C:\Users\yugyeong\AppData\Local\Temp
TEMP=C:\Users\yugyeong\AppData\Local\Temp


JNI global refs:
JNI global refs: 33, weak refs: 0

JNI global refs memory usage: 843, weak refs: 209

OOME stack traces (most recent first):
Classloader memory used:
Loader org.gradle.internal.classloader.VisitableURLClassLoader                         : 1940K
Loader bootstrap                                                                       : 1916K
Loader org.gradle.initialization.MixInLegacyTypesClassLoader                           : 424K
Loader jdk.internal.loader.ClassLoaders$AppClassLoader                                 : 28450B
Loader jdk.internal.loader.ClassLoaders$PlatformClassLoader                            : 16670B
Loader jdk.internal.reflect.DelegatingClassLoader                                      : 3102B

Classes loaded by more than one classloader:
Class org.gradle.internal.installation.GradleInstallation                             : loaded 2 times (x 73B)
Class org.gradle.internal.classpath.ClassPath                                         : loaded 2 times (x 68B)
Class org.gradle.api.internal.classpath.DefaultModuleRegistry                         : loaded 2 times (x 84B)
Class org.gradle.api.Action                                                           : loaded 2 times (x 68B)
Class org.gradle.api.internal.DefaultClassPathProvider                                : loaded 2 times (x 74B)
Class org.gradle.internal.installation.GradleInstallation$1                           : loaded 2 times (x 73B)
Class org.gradle.internal.classloader.FilteringClassLoader                            : loaded 2 times (x 102B)
Class org.gradle.internal.classpath.DefaultClassPath$ImmutableUniqueList$Builder      : loaded 2 times (x 73B)
Class org.gradle.internal.classloader.ClassLoaderVisitor                              : loaded 2 times (x 74B)
Class org.gradle.internal.service.DefaultServiceLocator                               : loaded 2 times (x 81B)
Class org.gradle.internal.service.UnknownServiceException                             : loaded 2 times (x 81B)
Class org.gradle.internal.classloader.DefaultClassLoaderFactory                       : loaded 2 times (x 80B)
Class org.gradle.internal.classloader.VisitableURLClassLoader$Spec                    : loaded 2 times (x 72B)
Class org.gradle.api.GradleException                                                  : loaded 2 times (x 80B)
Class org.gradle.api.internal.classpath.ModuleRegistry                                : loaded 2 times (x 68B)
Class org.gradle.api.internal.ClassPathProvider                                       : loaded 2 times (x 68B)
Class org.gradle.internal.classloader.ClasspathUtil$1                                 : loaded 2 times (x 74B)
Class org.gradle.internal.classloader.ClassLoaderFactory                              : loaded 2 times (x 68B)
Class org.gradle.api.internal.classpath.ManifestUtil                                  : loaded 2 times (x 69B)
Class org.gradle.api.specs.Spec                                                       : loaded 2 times (x 68B)
Class org.gradle.internal.IoActions                                                   : loaded 2 times (x 69B)
Class org.gradle.api.internal.classpath.EffectiveClassPath                            : loaded 2 times (x 88B)
Class org.gradle.internal.installation.CurrentGradleInstallation                      : loaded 2 times (x 71B)
Class org.gradle.internal.agents.InstrumentingClassLoader                             : loaded 2 times (x 68B)
Class org.gradle.internal.installation.CurrentGradleInstallationLocator               : loaded 2 times (x 69B)
Class org.gradle.api.internal.classpath.Module                                        : loaded 2 times (x 68B)
Class org.gradle.internal.service.CachingServiceLocator                               : loaded 2 times (x 80B)
Class org.gradle.internal.classpath.DefaultClassPath                                  : loaded 2 times (x 88B)
Class org.gradle.internal.classloader.SystemClassLoaderSpec                           : loaded 2 times (x 69B)
Class org.gradle.api.UncheckedIOException                                             : loaded 2 times (x 80B)
Class org.gradle.internal.classloader.ClasspathUtil                                   : loaded 2 times (x 69B)
Class org.gradle.api.internal.DefaultClassPathRegistry                                : loaded 2 times (x 74B)
Class org.gradle.api.internal.classpath.DefaultModuleRegistry$DefaultModule           : loaded 2 times (x 84B)
Class org.gradle.api.internal.classpath.UnknownModuleException                        : loaded 2 times (x 80B)
Class org.gradle.internal.service.ServiceLookupException                              : loaded 2 times (x 80B)
Class org.gradle.cache.GlobalCache                                                    : loaded 2 times (x 68B)
Class [Lorg.gradle.api.internal.ClassPathProvider;                                    : loaded 2 times (x 67B)
Class org.gradle.util.internal.GUtil                                                  : loaded 2 times (x 69B)
Class org.gradle.internal.classloader.ClassLoaderSpec                                 : loaded 2 times (x 69B)
Class org.gradle.internal.classloader.VisitableURLClassLoader                         : loaded 2 times (x 114B)
Class org.gradle.internal.Cast                                                        : loaded 2 times (x 69B)
Class org.gradle.api.internal.ClassPathRegistry                                       : loaded 2 times (x 68B)
Class org.gradle.internal.classloader.VisitableURLClassLoader$InstrumentingVisitableURLClassLoader: loaded 2 times (x 120B)
Class org.gradle.internal.classloader.ClassLoaderHierarchy                            : loaded 2 times (x 68B)
Class org.gradle.internal.InternalTransformer                                         : loaded 2 times (x 68B)
Class org.gradle.internal.service.ServiceLocator                                      : loaded 2 times (x 68B)
Class org.gradle.internal.classpath.DefaultClassPath$ImmutableUniqueList              : loaded 2 times (x 159B)
Class org.gradle.internal.classpath.TransformedClassPath                              : loaded 2 times (x 94B)


---------------  S Y S T E M  ---------------

OS:
 Windows 11 , 64 bit Build 22621 (10.0.22621.3235)
OS uptime: 0 days 18:45 hours

CPU: total 16 (initial active 16) (8 cores per cpu, 2 threads per core) family 6 model 154 stepping 3 microcode 0x41e, cx8, cmov, fxsr, ht, mmx, 3dnowpref, sse, sse2, sse3, ssse3, sse4.1, sse4.2, popcnt, lzcnt, tsc, tscinvbit, avx, avx2, aes, erms, clmul, bmi1, bmi2, adx, sha, fma, vzeroupper, clflush, clflushopt, clwb

Memory: 4k page, system-wide physical 16100M (1275M free)
TotalPageFile size 18148M (AvailPageFile size 11M)
current process WorkingSet (physical memory assigned to process): 195M, peak: 201M
current process commit charge ("private bytes"): 249M, peak: 405M

vm_info: OpenJDK 64-Bit Server VM (17.0.7+0-b2043.56-10550314) for windows-amd64 JRE (17.0.7+0-b2043.56-10550314), built on Jul 24 2023 18:27:45 by "androidbuild" with MS VC++ 16.10 / 16.11 (VS2019)

END.
